2022-04-16 13:22:55.959  INFO 1512 --- [main] m.s.PropertiesAndArgsTest                : Started PropertiesAndArgsTest in 1.641 seconds (JVM running for 2.485)
2022-04-16 13:23:26.161  INFO 3980 --- [main] ficPropertiesAndConfigurationApplication : Starting SpringBootLoadTestSpecificPropertiesAndConfigurationApplication using Java 16.0.2 on mao with PID 3980 (H:\程序\大三下期\spring_boot加载测试专用属性和配置\target\classes started by mao in H:\程序\大三下期\spring_boot加载测试专用属性和配置)
2022-04-16 13:23:26.163 DEBUG 3980 --- [main] ficPropertiesAndConfigurationApplication : Running with Spring Boot v2.6.6, Spring v5.3.18
2022-04-16 13:23:26.164  INFO 3980 --- [main] ficPropertiesAndConfigurationApplication : The following 1 profile is active: "dev"
2022-04-16 13:23:26.730  INFO 3980 --- [main] o.s.b.w.embedded.tomcat.TomcatWebServer  : Tomcat initialized with port(s): 8080 (http)
2022-04-16 13:23:26.736  INFO 3980 --- [main] o.apache.catalina.core.StandardService   : Starting service [Tomcat]
2022-04-16 13:23:26.736  INFO 3980 --- [main] org.apache.catalina.core.StandardEngine  : Starting Servlet engine: [Apache Tomcat/9.0.60]
2022-04-16 13:23:26.803  INFO 3980 --- [main] o.a.c.c.C.[Tomcat].[localhost].[/]       : Initializing Spring embedded WebApplicationContext
2022-04-16 13:23:26.803  INFO 3980 --- [main] w.s.c.ServletWebServerApplicationContext : Root WebApplicationContext: initialization completed in 602 ms
2022-04-16 13:23:27.028  INFO 3980 --- [main] o.s.b.w.embedded.tomcat.TomcatWebServer  : Tomcat started on port(s): 8080 (http) with context path ''
2022-04-16 13:23:27.037  INFO 3980 --- [main] ficPropertiesAndConfigurationApplication : Started SpringBootLoadTestSpecificPropertiesAndConfigurationApplication in 1.181 seconds (JVM running for 1.595)
2022-04-16 13:24:24.008  INFO 6292 --- [main] m.s.PropertiesAndArgsTest                : Starting PropertiesAndArgsTest using Java 16.0.2 on mao with PID 6292 (started by mao in H:\程序\大三下期\spring_boot加载测试专用属性和配置)
2022-04-16 13:24:24.008 DEBUG 6292 --- [main] m.s.PropertiesAndArgsTest                : Running with Spring Boot v2.6.6, Spring v5.3.18
2022-04-16 13:24:24.009  INFO 6292 --- [main] m.s.PropertiesAndArgsTest                : The following 1 profile is active: "dev"
2022-04-16 13:24:25.278  INFO 6292 --- [main] m.s.PropertiesAndArgsTest                : Started PropertiesAndArgsTest in 1.618 seconds (JVM running for 2.405)
2022-04-16 13:24:25.705  INFO 6292 --- [main] .b.t.c.SpringBootTestContextBootstrapper : Neither @ContextConfiguration nor @ContextHierarchy found for test class [mao.spring_boot_load_test_specific_properties_and_configuration.SpringBootLoadTestSpecificPropertiesAndConfigurationApplicationTests], using SpringBootContextLoader
2022-04-16 13:24:25.707  INFO 6292 --- [main] o.s.t.c.support.AbstractContextLoader    : Could not detect default resource locations for test class [mao.spring_boot_load_test_specific_properties_and_configuration.SpringBootLoadTestSpecificPropertiesAndConfigurationApplicationTests]: no resource found for suffixes {-context.xml, Context.groovy}.
2022-04-16 13:24:25.707  INFO 6292 --- [main] t.c.s.AnnotationConfigContextLoaderUtils : Could not detect default configuration classes for test class [mao.spring_boot_load_test_specific_properties_and_configuration.SpringBootLoadTestSpecificPropertiesAndConfigurationApplicationTests]: SpringBootLoadTestSpecificPropertiesAndConfigurationApplicationTests does not declare any static, non-private, non-final, nested classes annotated with @Configuration.
2022-04-16 13:24:25.708  INFO 6292 --- [main] .b.t.c.SpringBootTestContextBootstrapper : Found @SpringBootConfiguration mao.spring_boot_load_test_specific_properties_and_configuration.SpringBootLoadTestSpecificPropertiesAndConfigurationApplication for test class mao.spring_boot_load_test_specific_properties_and_configuration.SpringBootLoadTestSpecificPropertiesAndConfigurationApplicationTests
2022-04-16 13:24:25.710  INFO 6292 --- [main] .b.t.c.SpringBootTestContextBootstrapper : Loaded default TestExecutionListener class names from location [META-INF/spring.factories]: [org.springframework.boot.test.mock.mockito.MockitoTestExecutionListener, org.springframework.boot.test.mock.mockito.ResetMocksTestExecutionListener, org.springframework.boot.test.autoconfigure.restdocs.RestDocsTestExecutionListener, org.springframework.boot.test.autoconfigure.web.client.MockRestServiceServerResetTestExecutionListener, org.springframework.boot.test.autoconfigure.web.servlet.MockMvcPrintOnlyOnFailureTestExecutionListener, org.springframework.boot.test.autoconfigure.web.servlet.WebDriverTestExecutionListener, org.springframework.boot.test.autoconfigure.webservices.client.MockWebServiceServerTestExecutionListener, org.springframework.test.context.web.ServletTestExecutionListener, org.springframework.test.context.support.DirtiesContextBeforeModesTestExecutionListener, org.springframework.test.context.event.ApplicationEventsTestExecutionListener, org.springframework.test.context.support.DependencyInjectionTestExecutionListener, org.springframework.test.context.support.DirtiesContextTestExecutionListener, org.springframework.test.context.transaction.TransactionalTestExecutionListener, org.springframework.test.context.jdbc.SqlScriptsTestExecutionListener, org.springframework.test.context.event.EventPublishingTestExecutionListener]
2022-04-16 13:24:25.711  INFO 6292 --- [main] .b.t.c.SpringBootTestContextBootstrapper : Using TestExecutionListeners: [org.springframework.test.context.web.ServletTestExecutionListener@60dc1a4e, org.springframework.test.context.support.DirtiesContextBeforeModesTestExecutionListener@646427f7, org.springframework.test.context.event.ApplicationEventsTestExecutionListener@31efacad, org.springframework.boot.test.mock.mockito.MockitoTestExecutionListener@380ce5a3, org.springframework.boot.test.autoconfigure.SpringBootDependencyInjectionTestExecutionListener@38029686, org.springframework.test.context.support.DirtiesContextTestExecutionListener@7d9c45ee, org.springframework.test.context.event.EventPublishingTestExecutionListener@31da0434, org.springframework.boot.test.mock.mockito.ResetMocksTestExecutionListener@6e24ce51, org.springframework.boot.test.autoconfigure.restdocs.RestDocsTestExecutionListener@423ed3b5, org.springframework.boot.test.autoconfigure.web.client.MockRestServiceServerResetTestExecutionListener@5d124d29, org.springframework.boot.test.autoconfigure.web.servlet.MockMvcPrintOnlyOnFailureTestExecutionListener@3c88191b, org.springframework.boot.test.autoconfigure.web.servlet.WebDriverTestExecutionListener@74960e9d, org.springframework.boot.test.autoconfigure.webservices.client.MockWebServiceServerTestExecutionListener@4001d8c1]
2022-04-16 13:24:25.753  INFO 6292 --- [main] opertiesAndConfigurationApplicationTests : Starting SpringBootLoadTestSpecificPropertiesAndConfigurationApplicationTests using Java 16.0.2 on mao with PID 6292 (started by mao in H:\程序\大三下期\spring_boot加载测试专用属性和配置)
2022-04-16 13:24:25.753 DEBUG 6292 --- [main] opertiesAndConfigurationApplicationTests : Running with Spring Boot v2.6.6, Spring v5.3.18
2022-04-16 13:24:25.753  INFO 6292 --- [main] opertiesAndConfigurationApplicationTests : The following 1 profile is active: "dev"
2022-04-16 13:24:26.194  INFO 6292 --- [main] opertiesAndConfigurationApplicationTests : Started SpringBootLoadTestSpecificPropertiesAndConfigurationApplicationTests in 0.48 seconds (JVM running for 3.322)
